{"synthetic": false,
 "schemaVersion": "2025-09-10",
 "outputs":
 {"o": ["127392df4c857125.olean"],
  "i": "72a4a41d4253dd58.ilean",
  "c": "3e67896529114cb9.c"},
 "log":
 [{"message":
   ".> LEAN_PATH=/app/.lake/packages/Cli/.lake/build/lib/lean:/app/.lake/packages/batteries/.lake/build/lib/lean:/app/.lake/packages/Qq/.lake/build/lib/lean:/app/.lake/packages/aesop/.lake/build/lib/lean:/app/.lake/packages/proofwidgets/.lake/build/lib/lean:/app/.lake/packages/importGraph/.lake/build/lib/lean:/app/.lake/packages/LeanSearchClient/.lake/build/lib/lean:/app/.lake/packages/plausible/.lake/build/lib/lean:/app/.lake/packages/mathlib/.lake/build/lib/lean:/app/.lake/build/lib/lean /home/jules/.elan/toolchains/leanprover--lean4---v4.27.0-rc1/bin/lean /app/src/ARK_Core/CalculusFact.lean -o /app/.lake/build/lib/lean/ARK_Core/CalculusFact.olean -i /app/.lake/build/lib/lean/ARK_Core/CalculusFact.ilean -c /app/.lake/build/ir/ARK_Core/CalculusFact.c --setup /app/.lake/build/ir/ARK_Core/CalculusFact.setup.json --json",
   "level": "trace"}],
 "inputs":
 [["ARK_Core.CalculusFact:deps",
   [["deps",
     [["«ARK-P-neq-NP»/ARK_Core:extraDep",
       [["@«ARK-P-neq-NP»:extraDep", "00000000000006bb"]]],
      ["imports",
       [["Mathlib.Analysis.SpecialFunctions.Exp transitive imports (legacy)",
         "4d510a9c20d87641"],
        ["Mathlib.Analysis.SpecialFunctions.Exp:importAllArts",
         "6f178154c804f04e"],
        ["Mathlib.Analysis.SpecialFunctions.Pow.Real transitive imports (legacy)",
         "79aaaf639065e96e"],
        ["Mathlib.Analysis.SpecialFunctions.Pow.Real:importAllArts",
         "3b41faff86674a4b"],
        ["Mathlib.Analysis.SpecialFunctions.Log.Basic transitive imports (legacy)",
         "e4f2f40f05ba4b84"],
        ["Mathlib.Analysis.SpecialFunctions.Log.Basic:importAllArts",
         "558d4238a3054c52"],
        ["Mathlib.LinearAlgebra.Dimension.Finrank transitive imports (legacy)",
         "00368d9f22712196"],
        ["Mathlib.LinearAlgebra.Dimension.Finrank:importAllArts",
         "a6550746b09be1f5"],
        ["Mathlib.Analysis.Calculus.Deriv.Basic transitive imports (legacy)",
         "5ad434f2da03c818"],
        ["Mathlib.Analysis.Calculus.Deriv.Basic:importAllArts",
         "d978a0ae73371318"],
        ["Mathlib.Analysis.Calculus.Deriv.Add transitive imports (legacy)",
         "5e93ebd4efeceac1"],
        ["Mathlib.Analysis.Calculus.Deriv.Add:importAllArts",
         "653ecd92969e7df4"],
        ["Mathlib.Analysis.Calculus.Deriv.Mul transitive imports (legacy)",
         "dedbaf7600c99997"],
        ["Mathlib.Analysis.Calculus.Deriv.Mul:importAllArts",
         "7517ac4a1b523e55"],
        ["Mathlib.Analysis.Calculus.Deriv.MeanValue transitive imports (legacy)",
         "f302ccc5be914d92"],
        ["Mathlib.Analysis.Calculus.Deriv.MeanValue:importAllArts",
         "5f283ea2efa176a5"],
        ["Mathlib.Analysis.Calculus.MeanValue transitive imports (legacy)",
         "c5caf8a342f7ef59"],
        ["Mathlib.Analysis.Calculus.MeanValue:importAllArts",
         "dd8ceeb96c630a12"],
        ["Mathlib.Tactic transitive imports (legacy)", "0900ced2d33ca5b6"],
        ["Mathlib.Tactic:importAllArts", "3c6dda4c2dee66db"]]]]],
    ["libs",
     [["import dynlibs", "00000000000006bb"],
      ["package external libraries", "00000000000006bb"],
      ["module dynlibs", "00000000000006bb"],
      ["module plugins", "00000000000006bb"]]]]],
  ["Lean 4.27.0, commit 2fcce7258eeb6e324366bc25f9058293b04b7547",
   "6f43b597efea5d4c"],
  ["/app/src/ARK_Core/CalculusFact.lean", "c0ce48a57fc5247a"],
  ["options", "00000000000006bb"],
  ["Module.leanArgs: #[]", "00000000000006bb"]],
 "depHash": "2d72d3b52fe5cc60"}